<html xmlns:math="http://exslt.org/math" xmlns:testng="http://testng.org">
   <head>
      <title>TestNG Results</title>
      <meta http-equiv="content-type" content="text/html; charset=utf-8"></meta>
      <meta http-equiv="pragma" content="no-cache"></meta>
      <meta http-equiv="cache-control" content="max-age=0"></meta>
      <meta http-equiv="cache-control" content="no-cache"></meta>
      <meta http-equiv="cache-control" content="no-store"></meta>
      <LINK rel="stylesheet" href="style.css"></LINK>
      <script type="text/javascript" src="main.js"></script>
   </head>
   <body>
      <table width="100%" style="font-size: 16px; margin-bottom: 10px;" cellspacing="1">
         <tr>
            <td width="100%">
               All methods in suite
               
               <b>Suite</b>
            </td>
            <td style="background-color: #FFBBBB; padding: 3px 3px 3px 0;" align="center">
               <div style="width: 50px;">1</div>
            </td>
            <td style="background-color: lightgreen; padding: 3px 3px 3px 0;" align="center">
               <div style="width: 50px;">1</div>
            </td>
            <td style="background-color: #FFFFBB; padding: 3px 3px 3px 0;" align="center">
               <div style="width: 50px;">0</div>
            </td>
            <td align="center" style="background-color: #eaf0f7; padding: 3px 3px 3px 0;">
               <div style="width: 50px;">2</div>
            </td>
            <td align="center"
                style="font-weight: bold; background-color: #eaf0f7; padding: 3px 3px 3px 0;">
               <div style="width: 50px;">50%</div>
            </td>
            <td style="background-color: #eaf0f7; padding: 3px 3px 3px 0;" align="center"
                nowrap="true">1m
               26s
               
            </td>
         </tr>
      </table>
      <div style="width: 200px;">
         <label for="groupMethodsCheckBox" style="font-weight: bold; margin: 0;">
            <input id="groupMethodsCheckBox" type="checkbox" onclick="switchTestMethodsView(this)"></input>
            Group by class
            
         </label>
         <br></br>
         <label for="methodsFilter_ALL" style="font-weight: bold; margin: 0;">
            <input id="methodsFilter_ALL" type="checkbox"
                   onclick="testMethodsFilterChanged(this, 'ALL')"></input>
            All
            
         </label>
      </div>
      <label for="methodsFilter_FAIL" style="margin-left: 20px;">
         <input id="methodsFilter_FAIL" type="checkbox"
                onclick="testMethodsFilterChanged(this, 'FAIL')"
                checked=""></input>
         Failed
         
      </label>
      <label for="methodsFilter_PASS">
         <input id="methodsFilter_PASS" type="checkbox"
                onclick="testMethodsFilterChanged(this, 'PASS')"
                checked=""></input>
         Passed
         
      </label>
      <label for="methodsFilter_SKIP">
         <input id="methodsFilter_SKIP" type="checkbox"
                onclick="testMethodsFilterChanged(this, 'SKIP')"
                checked=""></input>
         Skipped
         
      </label>
      <label for="methodsFilter_CONF">
         <input id="methodsFilter_CONF" type="checkbox"
                onclick="testMethodsFilterChanged(this, 'CONF')"></input>
         Config
         
      </label>
      <br></br>
      <div id="testMethodsByStatus">
         <table class="testMethodsTable" cellpadding="0" cellspacing="0">
            <tr class="methodsTableHeader">
               <td width="100%">Name</td>
               <td nowrap="true">Started</td>
               <td nowrap="true">Duration</td>
               <td>Exception</td>
            </tr>
            <tr id="tests.LoginTest_loginWithWrongPasswordTest_byStatus_failed_FAIL1_row"
                class="testMethodStatusFAIL">
               <td width="100%" class="firstMethodCell">
                  <a onclick="toggleDetailsVisibility('tests.LoginTest_loginWithWrongPasswordTest_byStatus_failed_FAIL1_details')">loginWithWrongPasswordTest()</a>
               </td>
               <td nowrap="true">17:37:38</td>
               <td nowrap="true" align="right">22s
                  
               </td>
               <td nowrap="true">
                  <a onclick="toggleDetailsVisibility('tests.LoginTest_loginWithWrongPasswordTest_byStatus_failed_FAIL1_exception')">org.openqa.selenium.NoSuchElementException: 
                     Unable to locate element: #login\-passwd
                     For documentation on this error, please visit: https://www.seleniumhq.org/exceptions/no_such_element.html
                     Build info: version: '3.141.59', revision: 'e82be7d358', time: '2018-11-14T08:25:53'
                     System info: host: 'DESKTOP-AG3E733', ip: '10.0.0.131', os.name: 'Windows 10', os.arch: 'x86', os.version: '10.0', java.version:
                     '1.8.0_211'
                     Driver info: org.openqa.selenium.firefox.FirefoxDriver
                     Capabilities {acceptInsecureCerts: true, browserName: firefox, browserVersion: 73.0.1, javascriptEnabled: true, moz:accessibilityChecks:
                     false, moz:buildID: 20200217142647, moz:geckodriverVersion: 0.26.0, moz:headless: false, moz:processID: 7420, moz:profile:
                     C:\Users\Dipen\AppData\Loca..., moz:shutdownTimeout: 60000, moz:useNonSpecCompliantPointerOrigin: false, moz:webdriverClick:
                     true, pageLoadStrategy: normal, platform: WINDOWS, platformName: WINDOWS, platformVersion: 10.0, rotatable: false, setWindowRect:
                     true, strictFileInteractability: false, timeouts: {implicit: 0, pageLoad: 300000, script: 30000}, unhandledPromptBehavior:
                     dismiss and notify}
                     Session ID: 452fc69b-6ccf-43db-8f90-a590aa7f0e84
                     *** Element info: {Using=id, value=login-passwd}
                     
                  </a>
                   
                  
               </td>
            </tr>
            <tr>
               <td colspan="4" class="detailsBox">
                  <div id="tests.LoginTest_loginWithWrongPasswordTest_byStatus_failed_FAIL1_details"
                       class="testMethodDetails">
                     <div>
                        <b>Name: </b>loginWithWrongPasswordTest
                     </div>
                     <div>
                        <b>Signature: </b>loginWithWrongPasswordTest()[pri:0, instance:tests.LoginTest@15b53dc]
                     </div>
                     <div>
                        <b>Start time: </b>17:37:38
                     </div>
                     <div>
                        <b>End time: </b>17:38:00
                     </div>
                     <div>
                        <b>Duration: </b>22s
                        
                     </div>
                  </div>
               </td>
            </tr>
            <tr>
               <td colspan="4" class="detailsBox">
                  <div id="tests.LoginTest_loginWithWrongPasswordTest_byStatus_failed_FAIL1_exception"
                       class="testMethodDetails">
                     <pre style="padding: 5px; margin: 0;">org.openqa.selenium.NoSuchElementException: Unable to locate element: #login\-passwd
                        For documentation on this error, please visit: https://www.seleniumhq.org/exceptions/no_such_element.html
                        Build info: version: '3.141.59', revision: 'e82be7d358', time: '2018-11-14T08:25:53'
                        System info: host: 'DESKTOP-AG3E733', ip: '10.0.0.131', os.name: 'Windows 10', os.arch: 'x86', os.version: '10.0', java.version:
                        '1.8.0_211'
                        Driver info: org.openqa.selenium.firefox.FirefoxDriver
                        Capabilities {acceptInsecureCerts: true, browserName: firefox, browserVersion: 73.0.1, javascriptEnabled: true, moz:accessibilityChecks:
                        false, moz:buildID: 20200217142647, moz:geckodriverVersion: 0.26.0, moz:headless: false, moz:processID: 7420, moz:profile:
                        C:\Users\Dipen\AppData\Loca..., moz:shutdownTimeout: 60000, moz:useNonSpecCompliantPointerOrigin: false, moz:webdriverClick:
                        true, pageLoadStrategy: normal, platform: WINDOWS, platformName: WINDOWS, platformVersion: 10.0, rotatable: false, setWindowRect:
                        true, strictFileInteractability: false, timeouts: {implicit: 0, pageLoad: 300000, script: 30000}, unhandledPromptBehavior:
                        dismiss and notify}
                        Session ID: 452fc69b-6ccf-43db-8f90-a590aa7f0e84
                        *** Element info: {Using=id, value=login-passwd}
                        at sun.reflect.NativeConstructorAccessorImpl.newInstance0(Native Method)
                        at sun.reflect.NativeConstructorAccessorImpl.newInstance(NativeConstructorAccessorImpl.java:62)
                        at sun.reflect.DelegatingConstructorAccessorImpl.newInstance(DelegatingConstructorAccessorImpl.java:45)
                        at java.lang.reflect.Constructor.newInstance(Constructor.java:423)
                        at org.openqa.selenium.remote.http.W3CHttpResponseCodec.createException(W3CHttpResponseCodec.java:187)
                        at org.openqa.selenium.remote.http.W3CHttpResponseCodec.decode(W3CHttpResponseCodec.java:122)
                        at org.openqa.selenium.remote.http.W3CHttpResponseCodec.decode(W3CHttpResponseCodec.java:49)
                        at org.openqa.selenium.remote.HttpCommandExecutor.execute(HttpCommandExecutor.java:158)
                        at org.openqa.selenium.remote.service.DriverCommandExecutor.execute(DriverCommandExecutor.java:83)
                        at org.openqa.selenium.remote.RemoteWebDriver.execute(RemoteWebDriver.java:552)
                        at org.openqa.selenium.remote.RemoteWebDriver.findElement(RemoteWebDriver.java:323)
                        at org.openqa.selenium.remote.RemoteWebDriver.findElementById(RemoteWebDriver.java:372)
                        at org.openqa.selenium.By$ById.findElement(By.java:188)
                        at org.openqa.selenium.remote.RemoteWebDriver.findElement(RemoteWebDriver.java:315)
                        at org.openqa.selenium.support.pagefactory.DefaultElementLocator.findElement(DefaultElementLocator.java:69)
                        at org.openqa.selenium.support.pagefactory.internal.LocatingElementHandler.invoke(LocatingElementHandler.java:38)
                        at com.sun.proxy.$Proxy8.sendKeys(Unknown Source)
                        at pages.LoginPage.enterPassword(LoginPage.java:75)
                        at tests.LoginTest.loginWithWrongPasswordTest(LoginTest.java:28)
                        at sun.reflect.NativeMethodAccessorImpl.invoke0(Native Method)
                        at sun.reflect.NativeMethodAccessorImpl.invoke(NativeMethodAccessorImpl.java:62)
                        at sun.reflect.DelegatingMethodAccessorImpl.invoke(DelegatingMethodAccessorImpl.java:43)
                        at java.lang.reflect.Method.invoke(Method.java:498)
                        at org.testng.internal.MethodInvocationHelper.invokeMethod(MethodInvocationHelper.java:124)
                        at org.testng.internal.Invoker.invokeMethod(Invoker.java:580)
                        at org.testng.internal.Invoker.invokeTestMethod(Invoker.java:716)
                        at org.testng.internal.Invoker.invokeTestMethods(Invoker.java:988)
                        at org.testng.internal.TestMethodWorker.invokeTestMethods(TestMethodWorker.java:125)
                        at org.testng.internal.TestMethodWorker.run(TestMethodWorker.java:109)
                        at org.testng.TestRunner.privateRun(TestRunner.java:648)
                        at org.testng.TestRunner.run(TestRunner.java:505)
                        at org.testng.SuiteRunner.runTest(SuiteRunner.java:455)
                        at org.testng.SuiteRunner.runSequentially(SuiteRunner.java:450)
                        at org.testng.SuiteRunner.privateRun(SuiteRunner.java:415)
                        at org.testng.SuiteRunner.run(SuiteRunner.java:364)
                        at org.testng.SuiteRunnerWorker.runSuite(SuiteRunnerWorker.java:52)
                        at org.testng.SuiteRunnerWorker.run(SuiteRunnerWorker.java:84)
                        at org.testng.TestNG.runSuitesSequentially(TestNG.java:1208)
                        at org.testng.TestNG.runSuitesLocally(TestNG.java:1137)
                        at org.testng.TestNG.runSuites(TestNG.java:1049)
                        at org.testng.TestNG.run(TestNG.java:1017)
                        at org.testng.TestNG.privateMain(TestNG.java:1354)
                        at org.testng.TestNG.main(TestNG.java:1323)
                     </pre>
                  </div>
               </td>
            </tr>
            <tr id="tests.LoginTest_beforeMethod_byStatus_passed_PASS1_row"
                class="testMethodStatusPASS testMethodStatusCONF">
               <td width="100%" class="firstMethodCell">
                  <a onclick="toggleDetailsVisibility('tests.LoginTest_beforeMethod_byStatus_passed_PASS1_details')">beforeMethod()</a>
               </td>
               <td nowrap="true">17:36:47</td>
               <td nowrap="true" align="right">20s
                  
               </td>
               <td nowrap="true">
                   
                  
               </td>
            </tr>
            <tr>
               <td colspan="4" class="detailsBox">
                  <div id="tests.LoginTest_beforeMethod_byStatus_passed_PASS1_details"
                       class="testMethodDetails">
                     <div>
                        <b>Name: </b>beforeMethod
                     </div>
                     <div>
                        <b>Signature: </b>beforeMethod()[pri:0, instance:tests.LoginTest@15b53dc]
                     </div>
                     <div>
                        <b>Start time: </b>17:36:47
                     </div>
                     <div>
                        <b>End time: </b>17:37:07
                     </div>
                     <div>
                        <b>Duration: </b>20s
                        
                     </div>
                  </div>
               </td>
            </tr>
            <tr></tr>
            <tr id="tests.LoginTest_loginWithWrongEmailTest_byStatus_passed_PASS2_row"
                class="testMethodStatusPASS">
               <td width="100%" class="firstMethodCell">
                  <a onclick="toggleDetailsVisibility('tests.LoginTest_loginWithWrongEmailTest_byStatus_passed_PASS2_details')">loginWithWrongEmailTest()</a>
               </td>
               <td nowrap="true">17:37:07</td>
               <td nowrap="true" align="right">2s
                  
               </td>
               <td nowrap="true">
                   
                  
               </td>
            </tr>
            <tr>
               <td colspan="4" class="detailsBox">
                  <div id="tests.LoginTest_loginWithWrongEmailTest_byStatus_passed_PASS2_details"
                       class="testMethodDetails">
                     <div>
                        <b>Name: </b>loginWithWrongEmailTest
                     </div>
                     <div>
                        <b>Signature: </b>loginWithWrongEmailTest()[pri:0, instance:tests.LoginTest@15b53dc]
                     </div>
                     <div>
                        <b>Start time: </b>17:37:07
                     </div>
                     <div>
                        <b>End time: </b>17:37:10
                     </div>
                     <div>
                        <b>Duration: </b>2s
                        
                     </div>
                  </div>
               </td>
            </tr>
            <tr></tr>
            <tr id="tests.LoginTest_afterMethod_byStatus_passed_PASS3_row"
                class="testMethodStatusPASS testMethodStatusCONF">
               <td width="100%" class="firstMethodCell">
                  <a onclick="toggleDetailsVisibility('tests.LoginTest_afterMethod_byStatus_passed_PASS3_details')">afterMethod()</a>
               </td>
               <td nowrap="true">17:37:10</td>
               <td nowrap="true" align="right">8s
                  
               </td>
               <td nowrap="true">
                   
                  
               </td>
            </tr>
            <tr>
               <td colspan="4" class="detailsBox">
                  <div id="tests.LoginTest_afterMethod_byStatus_passed_PASS3_details"
                       class="testMethodDetails">
                     <div>
                        <b>Name: </b>afterMethod
                     </div>
                     <div>
                        <b>Signature: </b>afterMethod()[pri:0, instance:tests.LoginTest@15b53dc]
                     </div>
                     <div>
                        <b>Start time: </b>17:37:10
                     </div>
                     <div>
                        <b>End time: </b>17:37:18
                     </div>
                     <div>
                        <b>Duration: </b>8s
                        
                     </div>
                  </div>
               </td>
            </tr>
            <tr></tr>
            <tr id="tests.LoginTest_beforeMethod_byStatus_passed_PASS4_row"
                class="testMethodStatusPASS testMethodStatusCONF">
               <td width="100%" class="firstMethodCell">
                  <a onclick="toggleDetailsVisibility('tests.LoginTest_beforeMethod_byStatus_passed_PASS4_details')">beforeMethod()</a>
               </td>
               <td nowrap="true">17:37:18</td>
               <td nowrap="true" align="right">19s
                  
               </td>
               <td nowrap="true">
                   
                  
               </td>
            </tr>
            <tr>
               <td colspan="4" class="detailsBox">
                  <div id="tests.LoginTest_beforeMethod_byStatus_passed_PASS4_details"
                       class="testMethodDetails">
                     <div>
                        <b>Name: </b>beforeMethod
                     </div>
                     <div>
                        <b>Signature: </b>beforeMethod()[pri:0, instance:tests.LoginTest@15b53dc]
                     </div>
                     <div>
                        <b>Start time: </b>17:37:18
                     </div>
                     <div>
                        <b>End time: </b>17:37:38
                     </div>
                     <div>
                        <b>Duration: </b>19s
                        
                     </div>
                  </div>
               </td>
            </tr>
            <tr></tr>
            <tr id="tests.LoginTest_afterMethod_byStatus_passed_PASS5_row"
                class="testMethodStatusPASS testMethodStatusCONF">
               <td width="100%" class="firstMethodCell">
                  <a onclick="toggleDetailsVisibility('tests.LoginTest_afterMethod_byStatus_passed_PASS5_details')">afterMethod()</a>
               </td>
               <td nowrap="true">17:38:00</td>
               <td nowrap="true" align="right">12s
                  
               </td>
               <td nowrap="true">
                   
                  
               </td>
            </tr>
            <tr>
               <td colspan="4" class="detailsBox">
                  <div id="tests.LoginTest_afterMethod_byStatus_passed_PASS5_details"
                       class="testMethodDetails">
                     <div>
                        <b>Name: </b>afterMethod
                     </div>
                     <div>
                        <b>Signature: </b>afterMethod()[pri:0, instance:tests.LoginTest@15b53dc]
                     </div>
                     <div>
                        <b>Start time: </b>17:38:00
                     </div>
                     <div>
                        <b>End time: </b>17:38:13
                     </div>
                     <div>
                        <b>Duration: </b>12s
                        
                     </div>
                  </div>
               </td>
            </tr>
            <tr></tr>
         </table>
      </div>
      <div id="testMethodsByClass" style="display: none;">
         <table class="testMethodsTable" cellpadding="0" cellspacing="0">
            <tr>
               <td colspan="4">
                  <h3 style="display: inline;">tests.LoginTest</h3>
               </td>
            </tr>
            <tr class="methodsTableHeader">
               <td width="100%">Name</td>
               <td nowrap="true">Started</td>
               <td nowrap="true">Duration</td>
               <td>Exception</td>
            </tr>
            <tr id="tests.LoginTest_beforeMethod_byClass_PASS1_row"
                class="testMethodStatusPASS testMethodStatusCONF">
               <td width="100%" class="firstMethodCell">
                  <a onclick="toggleDetailsVisibility('tests.LoginTest_beforeMethod_byClass_PASS1_details')">beforeMethod()</a>
               </td>
               <td nowrap="true">17:36:47</td>
               <td nowrap="true" align="right">20s
                  
               </td>
               <td nowrap="true">
                   
                  
               </td>
            </tr>
            <tr>
               <td colspan="4" class="detailsBox">
                  <div id="tests.LoginTest_beforeMethod_byClass_PASS1_details"
                       class="testMethodDetails">
                     <div>
                        <b>Name: </b>beforeMethod
                     </div>
                     <div>
                        <b>Signature: </b>beforeMethod()[pri:0, instance:tests.LoginTest@15b53dc]
                     </div>
                     <div>
                        <b>Start time: </b>17:36:47
                     </div>
                     <div>
                        <b>End time: </b>17:37:07
                     </div>
                     <div>
                        <b>Duration: </b>20s
                        
                     </div>
                  </div>
               </td>
            </tr>
            <tr></tr>
            <tr id="tests.LoginTest_loginWithWrongEmailTest_byClass_PASS2_row"
                class="testMethodStatusPASS">
               <td width="100%" class="firstMethodCell">
                  <a onclick="toggleDetailsVisibility('tests.LoginTest_loginWithWrongEmailTest_byClass_PASS2_details')">loginWithWrongEmailTest()</a>
               </td>
               <td nowrap="true">17:37:07</td>
               <td nowrap="true" align="right">2s
                  
               </td>
               <td nowrap="true">
                   
                  
               </td>
            </tr>
            <tr>
               <td colspan="4" class="detailsBox">
                  <div id="tests.LoginTest_loginWithWrongEmailTest_byClass_PASS2_details"
                       class="testMethodDetails">
                     <div>
                        <b>Name: </b>loginWithWrongEmailTest
                     </div>
                     <div>
                        <b>Signature: </b>loginWithWrongEmailTest()[pri:0, instance:tests.LoginTest@15b53dc]
                     </div>
                     <div>
                        <b>Start time: </b>17:37:07
                     </div>
                     <div>
                        <b>End time: </b>17:37:10
                     </div>
                     <div>
                        <b>Duration: </b>2s
                        
                     </div>
                  </div>
               </td>
            </tr>
            <tr></tr>
            <tr id="tests.LoginTest_afterMethod_byClass_PASS3_row"
                class="testMethodStatusPASS testMethodStatusCONF">
               <td width="100%" class="firstMethodCell">
                  <a onclick="toggleDetailsVisibility('tests.LoginTest_afterMethod_byClass_PASS3_details')">afterMethod()</a>
               </td>
               <td nowrap="true">17:37:10</td>
               <td nowrap="true" align="right">8s
                  
               </td>
               <td nowrap="true">
                   
                  
               </td>
            </tr>
            <tr>
               <td colspan="4" class="detailsBox">
                  <div id="tests.LoginTest_afterMethod_byClass_PASS3_details"
                       class="testMethodDetails">
                     <div>
                        <b>Name: </b>afterMethod
                     </div>
                     <div>
                        <b>Signature: </b>afterMethod()[pri:0, instance:tests.LoginTest@15b53dc]
                     </div>
                     <div>
                        <b>Start time: </b>17:37:10
                     </div>
                     <div>
                        <b>End time: </b>17:37:18
                     </div>
                     <div>
                        <b>Duration: </b>8s
                        
                     </div>
                  </div>
               </td>
            </tr>
            <tr></tr>
            <tr id="tests.LoginTest_beforeMethod_byClass_PASS4_row"
                class="testMethodStatusPASS testMethodStatusCONF">
               <td width="100%" class="firstMethodCell">
                  <a onclick="toggleDetailsVisibility('tests.LoginTest_beforeMethod_byClass_PASS4_details')">beforeMethod()</a>
               </td>
               <td nowrap="true">17:37:18</td>
               <td nowrap="true" align="right">19s
                  
               </td>
               <td nowrap="true">
                   
                  
               </td>
            </tr>
            <tr>
               <td colspan="4" class="detailsBox">
                  <div id="tests.LoginTest_beforeMethod_byClass_PASS4_details"
                       class="testMethodDetails">
                     <div>
                        <b>Name: </b>beforeMethod
                     </div>
                     <div>
                        <b>Signature: </b>beforeMethod()[pri:0, instance:tests.LoginTest@15b53dc]
                     </div>
                     <div>
                        <b>Start time: </b>17:37:18
                     </div>
                     <div>
                        <b>End time: </b>17:37:38
                     </div>
                     <div>
                        <b>Duration: </b>19s
                        
                     </div>
                  </div>
               </td>
            </tr>
            <tr></tr>
            <tr id="tests.LoginTest_loginWithWrongPasswordTest_byClass_FAIL5_row"
                class="testMethodStatusFAIL">
               <td width="100%" class="firstMethodCell">
                  <a onclick="toggleDetailsVisibility('tests.LoginTest_loginWithWrongPasswordTest_byClass_FAIL5_details')">loginWithWrongPasswordTest()</a>
               </td>
               <td nowrap="true">17:37:38</td>
               <td nowrap="true" align="right">22s
                  
               </td>
               <td nowrap="true">
                  <a onclick="toggleDetailsVisibility('tests.LoginTest_loginWithWrongPasswordTest_byClass_FAIL5_exception')">org.openqa.selenium.NoSuchElementException: 
                     Unable to locate element: #login\-passwd
                     For documentation on this error, please visit: https://www.seleniumhq.org/exceptions/no_such_element.html
                     Build info: version: '3.141.59', revision: 'e82be7d358', time: '2018-11-14T08:25:53'
                     System info: host: 'DESKTOP-AG3E733', ip: '10.0.0.131', os.name: 'Windows 10', os.arch: 'x86', os.version: '10.0', java.version:
                     '1.8.0_211'
                     Driver info: org.openqa.selenium.firefox.FirefoxDriver
                     Capabilities {acceptInsecureCerts: true, browserName: firefox, browserVersion: 73.0.1, javascriptEnabled: true, moz:accessibilityChecks:
                     false, moz:buildID: 20200217142647, moz:geckodriverVersion: 0.26.0, moz:headless: false, moz:processID: 7420, moz:profile:
                     C:\Users\Dipen\AppData\Loca..., moz:shutdownTimeout: 60000, moz:useNonSpecCompliantPointerOrigin: false, moz:webdriverClick:
                     true, pageLoadStrategy: normal, platform: WINDOWS, platformName: WINDOWS, platformVersion: 10.0, rotatable: false, setWindowRect:
                     true, strictFileInteractability: false, timeouts: {implicit: 0, pageLoad: 300000, script: 30000}, unhandledPromptBehavior:
                     dismiss and notify}
                     Session ID: 452fc69b-6ccf-43db-8f90-a590aa7f0e84
                     *** Element info: {Using=id, value=login-passwd}
                     
                  </a>
                   
                  
               </td>
            </tr>
            <tr>
               <td colspan="4" class="detailsBox">
                  <div id="tests.LoginTest_loginWithWrongPasswordTest_byClass_FAIL5_details"
                       class="testMethodDetails">
                     <div>
                        <b>Name: </b>loginWithWrongPasswordTest
                     </div>
                     <div>
                        <b>Signature: </b>loginWithWrongPasswordTest()[pri:0, instance:tests.LoginTest@15b53dc]
                     </div>
                     <div>
                        <b>Start time: </b>17:37:38
                     </div>
                     <div>
                        <b>End time: </b>17:38:00
                     </div>
                     <div>
                        <b>Duration: </b>22s
                        
                     </div>
                  </div>
               </td>
            </tr>
            <tr>
               <td colspan="4" class="detailsBox">
                  <div id="tests.LoginTest_loginWithWrongPasswordTest_byClass_FAIL5_exception"
                       class="testMethodDetails">
                     <pre style="padding: 5px; margin: 0;">org.openqa.selenium.NoSuchElementException: Unable to locate element: #login\-passwd
                        For documentation on this error, please visit: https://www.seleniumhq.org/exceptions/no_such_element.html
                        Build info: version: '3.141.59', revision: 'e82be7d358', time: '2018-11-14T08:25:53'
                        System info: host: 'DESKTOP-AG3E733', ip: '10.0.0.131', os.name: 'Windows 10', os.arch: 'x86', os.version: '10.0', java.version:
                        '1.8.0_211'
                        Driver info: org.openqa.selenium.firefox.FirefoxDriver
                        Capabilities {acceptInsecureCerts: true, browserName: firefox, browserVersion: 73.0.1, javascriptEnabled: true, moz:accessibilityChecks:
                        false, moz:buildID: 20200217142647, moz:geckodriverVersion: 0.26.0, moz:headless: false, moz:processID: 7420, moz:profile:
                        C:\Users\Dipen\AppData\Loca..., moz:shutdownTimeout: 60000, moz:useNonSpecCompliantPointerOrigin: false, moz:webdriverClick:
                        true, pageLoadStrategy: normal, platform: WINDOWS, platformName: WINDOWS, platformVersion: 10.0, rotatable: false, setWindowRect:
                        true, strictFileInteractability: false, timeouts: {implicit: 0, pageLoad: 300000, script: 30000}, unhandledPromptBehavior:
                        dismiss and notify}
                        Session ID: 452fc69b-6ccf-43db-8f90-a590aa7f0e84
                        *** Element info: {Using=id, value=login-passwd}
                        at sun.reflect.NativeConstructorAccessorImpl.newInstance0(Native Method)
                        at sun.reflect.NativeConstructorAccessorImpl.newInstance(NativeConstructorAccessorImpl.java:62)
                        at sun.reflect.DelegatingConstructorAccessorImpl.newInstance(DelegatingConstructorAccessorImpl.java:45)
                        at java.lang.reflect.Constructor.newInstance(Constructor.java:423)
                        at org.openqa.selenium.remote.http.W3CHttpResponseCodec.createException(W3CHttpResponseCodec.java:187)
                        at org.openqa.selenium.remote.http.W3CHttpResponseCodec.decode(W3CHttpResponseCodec.java:122)
                        at org.openqa.selenium.remote.http.W3CHttpResponseCodec.decode(W3CHttpResponseCodec.java:49)
                        at org.openqa.selenium.remote.HttpCommandExecutor.execute(HttpCommandExecutor.java:158)
                        at org.openqa.selenium.remote.service.DriverCommandExecutor.execute(DriverCommandExecutor.java:83)
                        at org.openqa.selenium.remote.RemoteWebDriver.execute(RemoteWebDriver.java:552)
                        at org.openqa.selenium.remote.RemoteWebDriver.findElement(RemoteWebDriver.java:323)
                        at org.openqa.selenium.remote.RemoteWebDriver.findElementById(RemoteWebDriver.java:372)
                        at org.openqa.selenium.By$ById.findElement(By.java:188)
                        at org.openqa.selenium.remote.RemoteWebDriver.findElement(RemoteWebDriver.java:315)
                        at org.openqa.selenium.support.pagefactory.DefaultElementLocator.findElement(DefaultElementLocator.java:69)
                        at org.openqa.selenium.support.pagefactory.internal.LocatingElementHandler.invoke(LocatingElementHandler.java:38)
                        at com.sun.proxy.$Proxy8.sendKeys(Unknown Source)
                        at pages.LoginPage.enterPassword(LoginPage.java:75)
                        at tests.LoginTest.loginWithWrongPasswordTest(LoginTest.java:28)
                        at sun.reflect.NativeMethodAccessorImpl.invoke0(Native Method)
                        at sun.reflect.NativeMethodAccessorImpl.invoke(NativeMethodAccessorImpl.java:62)
                        at sun.reflect.DelegatingMethodAccessorImpl.invoke(DelegatingMethodAccessorImpl.java:43)
                        at java.lang.reflect.Method.invoke(Method.java:498)
                        at org.testng.internal.MethodInvocationHelper.invokeMethod(MethodInvocationHelper.java:124)
                        at org.testng.internal.Invoker.invokeMethod(Invoker.java:580)
                        at org.testng.internal.Invoker.invokeTestMethod(Invoker.java:716)
                        at org.testng.internal.Invoker.invokeTestMethods(Invoker.java:988)
                        at org.testng.internal.TestMethodWorker.invokeTestMethods(TestMethodWorker.java:125)
                        at org.testng.internal.TestMethodWorker.run(TestMethodWorker.java:109)
                        at org.testng.TestRunner.privateRun(TestRunner.java:648)
                        at org.testng.TestRunner.run(TestRunner.java:505)
                        at org.testng.SuiteRunner.runTest(SuiteRunner.java:455)
                        at org.testng.SuiteRunner.runSequentially(SuiteRunner.java:450)
                        at org.testng.SuiteRunner.privateRun(SuiteRunner.java:415)
                        at org.testng.SuiteRunner.run(SuiteRunner.java:364)
                        at org.testng.SuiteRunnerWorker.runSuite(SuiteRunnerWorker.java:52)
                        at org.testng.SuiteRunnerWorker.run(SuiteRunnerWorker.java:84)
                        at org.testng.TestNG.runSuitesSequentially(TestNG.java:1208)
                        at org.testng.TestNG.runSuitesLocally(TestNG.java:1137)
                        at org.testng.TestNG.runSuites(TestNG.java:1049)
                        at org.testng.TestNG.run(TestNG.java:1017)
                        at org.testng.TestNG.privateMain(TestNG.java:1354)
                        at org.testng.TestNG.main(TestNG.java:1323)
                     </pre>
                  </div>
               </td>
            </tr>
            <tr id="tests.LoginTest_afterMethod_byClass_PASS6_row"
                class="testMethodStatusPASS testMethodStatusCONF">
               <td width="100%" class="firstMethodCell">
                  <a onclick="toggleDetailsVisibility('tests.LoginTest_afterMethod_byClass_PASS6_details')">afterMethod()</a>
               </td>
               <td nowrap="true">17:38:00</td>
               <td nowrap="true" align="right">12s
                  
               </td>
               <td nowrap="true">
                   
                  
               </td>
            </tr>
            <tr>
               <td colspan="4" class="detailsBox">
                  <div id="tests.LoginTest_afterMethod_byClass_PASS6_details"
                       class="testMethodDetails">
                     <div>
                        <b>Name: </b>afterMethod
                     </div>
                     <div>
                        <b>Signature: </b>afterMethod()[pri:0, instance:tests.LoginTest@15b53dc]
                     </div>
                     <div>
                        <b>Start time: </b>17:38:00
                     </div>
                     <div>
                        <b>End time: </b>17:38:13
                     </div>
                     <div>
                        <b>Duration: </b>12s
                        
                     </div>
                  </div>
               </td>
            </tr>
            <tr></tr>
         </table>
         <br></br>
      </div>
      <div style="margin-top: 15px; color: gray; text-align: center; font-size: 9px;">
         Generated with
         
         <a href="http://code.google.com/p/testng-xslt/" style="color: #8888aa;"
            target="_blank">
            TestNG XSLT
            
         </a>
      </div>
   </body>
</html>